# JRE version: Java(TM) SE Runtime Environment (8.0_181-b13) (build 1.8.0_181-b13)
# Java VM: Java HotSpot(TM) 64-Bit Server VM (25.181-b13 mixed mode windows-amd64 compressed oops)
Heap:
 PSYoungGen      total 352256K, used 200976K [0x00000000d5d80000, 0x00000000ec700000, 0x0000000100000000)
  eden space 342528K, 56% used [0x00000000d5d80000,0x00000000e1bf2e80,0x00000000eac00000)
  from space 9728K, 61% used [0x00000000ebd80000,0x00000000ec351550,0x00000000ec700000)
  to   space 13824K, 0% used [0x00000000eac00000,0x00000000eac00000,0x00000000eb980000)
 ParOldGen       total 91136K, used 12696K [0x0000000081800000, 0x0000000087100000, 0x00000000d5d80000)
  object space 91136K, 13% used [0x0000000081800000,0x0000000082466380,0x0000000087100000)
 Metaspace       used 34832K, capacity 37164K, committed 37248K, reserved 1081344K
  class space    used 4738K, capacity 5197K, committed 5248K, reserved 1048576K
GC Heap History (10 events):
Event: 307.673 GC heap before
{Heap before GC invocations=11 (full 1):
 PSYoungGen      total 215040K, used 118867K [0x00000000d5d80000, 0x00000000e7a80000, 0x0000000100000000)
  eden space 204288K, 52% used [0x00000000d5d80000,0x00000000dc718fb0,0x00000000e2500000)
  from space 10752K, 99% used [0x00000000e2500000,0x00000000e2f7c040,0x00000000e2f80000)
  to   space 13312K, 0% used [0x00000000e6d80000,0x00000000e6d80000,0x00000000e7a80000)
 ParOldGen       total 58880K, used 14959K [0x0000000081800000, 0x0000000085180000, 0x00000000d5d80000)
  object space 58880K, 25% used [0x0000000081800000,0x000000008269bc68,0x0000000085180000)
 Metaspace       used 33335K, capacity 35388K, committed 35456K, reserved 1079296K
  class space    used 4525K, capacity 4926K, committed 4992K, reserved 1048576K
Event: 307.705 GC heap after
Heap after GC invocations=11 (full 1):
 PSYoungGen      total 262144K, used 4416K [0x00000000d5d80000, 0x00000000e7300000, 0x0000000100000000)
  eden space 256512K, 0% used [0x00000000d5d80000,0x00000000d5d80000,0x00000000e5800000)
  from space 5632K, 78% used [0x00000000e6d80000,0x00000000e71d0040,0x00000000e7300000)
  to   space 13824K, 0% used [0x00000000e5800000,0x00000000e5800000,0x00000000e6580000)
 ParOldGen       total 58880K, used 21481K [0x0000000081800000, 0x0000000085180000, 0x00000000d5d80000)
  object space 58880K, 36% used [0x0000000081800000,0x0000000082cfa430,0x0000000085180000)
 Metaspace       used 33335K, capacity 35388K, committed 35456K, reserved 1079296K
  class space    used 4525K, capacity 4926K, committed 4992K, reserved 1048576K
}
Event: 307.705 GC heap before
{Heap before GC invocations=12 (full 2):
 PSYoungGen      total 262144K, used 4416K [0x00000000d5d80000, 0x00000000e7300000, 0x0000000100000000)
  eden space 256512K, 0% used [0x00000000d5d80000,0x00000000d5d80000,0x00000000e5800000)
  from space 5632K, 78% used [0x00000000e6d80000,0x00000000e71d0040,0x00000000e7300000)
  to   space 13824K, 0% used [0x00000000e5800000,0x00000000e5800000,0x00000000e6580000)
 ParOldGen       total 58880K, used 21481K [0x0000000081800000, 0x0000000085180000, 0x00000000d5d80000)
  object space 58880K, 36% used [0x0000000081800000,0x0000000082cfa430,0x0000000085180000)
 Metaspace       used 33335K, capacity 35388K, committed 35456K, reserved 1079296K
  class space    used 4525K, capacity 4926K, committed 4992K, reserved 1048576K
Event: 307.939 GC heap after
Heap after GC invocations=12 (full 2):
 PSYoungGen      total 262144K, used 0K [0x00000000d5d80000, 0x00000000e7300000, 0x0000000100000000)
  eden space 256512K, 0% used [0x00000000d5d80000,0x00000000d5d80000,0x00000000e5800000)
  from space 5632K, 0% used [0x00000000e6d80000,0x00000000e6d80000,0x00000000e7300000)
  to   space 13824K, 0% used [0x00000000e5800000,0x00000000e5800000,0x00000000e6580000)
 ParOldGen       total 91136K, used 18042K [0x0000000081800000, 0x0000000087100000, 0x00000000d5d80000)
  object space 91136K, 19% used [0x0000000081800000,0x000000008299e9c0,0x0000000087100000)
 Metaspace       used 33328K, capacity 35376K, committed 35456K, reserved 1079296K
  class space    used 4524K, capacity 4924K, committed 4992K, reserved 1048576K
}
Event: 545.219 GC heap before
{Heap before GC invocations=13 (full 2):
 PSYoungGen      total 262144K, used 134599K [0x00000000d5d80000, 0x00000000e7300000, 0x0000000100000000)
  eden space 256512K, 52% used [0x00000000d5d80000,0x00000000de0f1e18,0x00000000e5800000)
  from space 5632K, 0% used [0x00000000e6d80000,0x00000000e6d80000,0x00000000e7300000)
  to   space 13824K, 0% used [0x00000000e5800000,0x00000000e5800000,0x00000000e6580000)
 ParOldGen       total 91136K, used 18042K [0x0000000081800000, 0x0000000087100000, 0x00000000d5d80000)
  object space 91136K, 19% used [0x0000000081800000,0x000000008299e9c0,0x0000000087100000)
 Metaspace       used 34161K, capacity 36286K, committed 36608K, reserved 1081344K
  class space    used 4652K, capacity 5074K, committed 5120K, reserved 1048576K
Event: 545.222 GC heap after
Heap after GC invocations=13 (full 2):
 PSYoungGen      total 270336K, used 995K [0x00000000d5d80000, 0x00000000ecb80000, 0x0000000100000000)
  eden space 256512K, 0% used [0x00000000d5d80000,0x00000000d5d80000,0x00000000e5800000)
  from space 13824K, 7% used [0x00000000e5800000,0x00000000e58f8ce8,0x00000000e6580000)
  to   space 14336K, 0% used [0x00000000ebd80000,0x00000000ebd80000,0x00000000ecb80000)
 ParOldGen       total 91136K, used 18050K [0x0000000081800000, 0x0000000087100000, 0x00000000d5d80000)
  object space 91136K, 19% used [0x0000000081800000,0x00000000829a09c0,0x0000000087100000)
 Metaspace       used 34161K, capacity 36286K, committed 36608K, reserved 1081344K
  class space    used 4652K, capacity 5074K, committed 5120K, reserved 1048576K
}
Event: 545.222 GC heap before
{Heap before GC invocations=14 (full 3):
 PSYoungGen      total 270336K, used 995K [0x00000000d5d80000, 0x00000000ecb80000, 0x0000000100000000)
  eden space 256512K, 0% used [0x00000000d5d80000,0x00000000d5d80000,0x00000000e5800000)
  from space 13824K, 7% used [0x00000000e5800000,0x00000000e58f8ce8,0x00000000e6580000)
  to   space 14336K, 0% used [0x00000000ebd80000,0x00000000ebd80000,0x00000000ecb80000)
 ParOldGen       total 91136K, used 18050K [0x0000000081800000, 0x0000000087100000, 0x00000000d5d80000)
  object space 91136K, 19% used [0x0000000081800000,0x00000000829a09c0,0x0000000087100000)
 Metaspace       used 34161K, capacity 36286K, committed 36608K, reserved 1081344K
  class space    used 4652K, capacity 5074K, committed 5120K, reserved 1048576K
Event: 545.381 GC heap after
Heap after GC invocations=14 (full 3):
 PSYoungGen      total 270336K, used 0K [0x00000000d5d80000, 0x00000000ecb80000, 0x0000000100000000)
  eden space 256512K, 0% used [0x00000000d5d80000,0x00000000d5d80000,0x00000000e5800000)
  from space 13824K, 0% used [0x00000000e5800000,0x00000000e5800000,0x00000000e6580000)
  to   space 14336K, 0% used [0x00000000ebd80000,0x00000000ebd80000,0x00000000ecb80000)
 ParOldGen       total 91136K, used 12688K [0x0000000081800000, 0x0000000087100000, 0x00000000d5d80000)
  object space 91136K, 13% used [0x0000000081800000,0x0000000082464380,0x0000000087100000)
 Metaspace       used 34161K, capacity 36286K, committed 36608K, reserved 1081344K
  class space    used 4652K, capacity 5074K, committed 5120K, reserved 1048576K
}
Event: 546.530 GC heap before
{Heap before GC invocations=15 (full 3):
 PSYoungGen      total 270336K, used 256512K [0x00000000d5d80000, 0x00000000ecb80000, 0x0000000100000000)
  eden space 256512K, 100% used [0x00000000d5d80000,0x00000000e5800000,0x00000000e5800000)
  from space 13824K, 0% used [0x00000000e5800000,0x00000000e5800000,0x00000000e6580000)
  to   space 14336K, 0% used [0x00000000ebd80000,0x00000000ebd80000,0x00000000ecb80000)
 ParOldGen       total 91136K, used 12688K [0x0000000081800000, 0x0000000087100000, 0x00000000d5d80000)
  object space 91136K, 13% used [0x0000000081800000,0x0000000082464380,0x0000000087100000)
 Metaspace       used 34506K, capacity 36796K, committed 36992K, reserved 1081344K
  class space    used 4699K, capacity 5125K, committed 5248K, reserved 1048576K
Event: 546.538 GC heap after
Heap after GC invocations=15 (full 3):
 PSYoungGen      total 352256K, used 5957K [0x00000000d5d80000, 0x00000000ec700000, 0x0000000100000000)
  eden space 342528K, 0% used [0x00000000d5d80000,0x00000000d5d80000,0x00000000eac00000)
  from space 9728K, 61% used [0x00000000ebd80000,0x00000000ec351550,0x00000000ec700000)
  to   space 13824K, 0% used [0x00000000eac00000,0x00000000eac00000,0x00000000eb980000)
 ParOldGen       total 91136K, used 12696K [0x0000000081800000, 0x0000000087100000, 0x00000000d5d80000)
  object space 91136K, 13% used [0x0000000081800000,0x0000000082466380,0x0000000087100000)
 Metaspace       used 34506K, capacity 36796K, committed 36992K, reserved 1081344K
  class space    used 4699K, capacity 5125K, committed 5248K, reserved 1048576K
}

